<?xml version="1.0" encoding="UTF-8"?>
<testsuite name="Utest registration form" tests="1" skipped="0" failures="0" errors="0" timestamp="2022-10-25T22:25:55" hostname="DESKTOP-4IKB1BK" time="43.112">
  <properties/>
  <testcase name="Registering a new user on the Utest page" classname="Utest registration form" time="43.112"/>
  <system-out><![CDATA[

AQUIIIIIIIIIIIIII Complete Setup   AQUIIIIIIIIIIIIII

]]></system-out>
  <system-err><![CDATA[[Test worker] WARN net.thucydides.core.steps.BaseStepListener - stepStarted: net.thucydides.core.steps.ExecutedStepDescription@6eef8233
[Test worker] WARN net.thucydides.core.steps.BaseStepListener - stepStarted: net.thucydides.core.steps.ExecutedStepDescription@63f10f7
[Test worker] WARN net.thucydides.core.steps.BaseStepListener - stepStarted: net.thucydides.core.steps.ExecutedStepDescription@3163d0a9
oct. 25, 2022 5:25:55 P. M. org.openqa.selenium.remote.DesiredCapabilities chrome
INFORMACIÓN: Using `new ChromeOptions()` is preferred to `DesiredCapabilities.chrome()`
[Test worker] INFO net.serenitybdd.core.webdriver.driverproviders.ProvideNewDriver - Instantiating driver
[Test worker] INFO net.serenitybdd.core.webdriver.driverproviders.ProvideNewDriver - Driver capabilities: Capabilities {acceptInsecureCerts: false, browserName: chrome, chrome.switches: --start-maximized, goog:chromeOptions: {args: [--start-maximized], extensions: []}, loggingPrefs: org.openqa.selenium.logging..., platform: ANY, version: }
Starting ChromeDriver 106.0.5249.61 (511755355844955cd3e264779baf0dd38212a4d0-refs/branch-heads/5249@{#569}) on port 2927
Only local connections are allowed.
Please see https://chromedriver.chromium.org/security-considerations for suggestions on keeping ChromeDriver safe.
ChromeDriver was started successfully.
oct. 25, 2022 5:25:58 P. M. org.openqa.selenium.remote.ProtocolHandshake createSession
INFORMACIÓN: Detected dialect: W3C
[Test worker] WARN net.thucydides.core.steps.BaseStepListener - stepFinished: current outcome:Registering a new user on the Utest page:Given that a new user wants to register on the Utest page [User open utest page [User opens the Utest page]]
[Test worker] WARN net.thucydides.core.steps.BaseStepListener - stepStarted: net.thucydides.core.steps.ExecutedStepDescription@66eabbfb
[Test worker] WARN net.thucydides.core.steps.BaseStepListener - stepFinished: current outcome:Registering a new user on the Utest page:Given that a new user wants to register on the Utest page [User open utest page [User opens the Utest page, User clicks on Innit Register Button]]
[Test worker] WARN net.thucydides.core.steps.BaseStepListener - stepFinished: current outcome:Registering a new user on the Utest page:Given that a new user wants to register on the Utest page [User open utest page [User opens the Utest page, User clicks on Innit Register Button]]
[Test worker] WARN net.thucydides.core.steps.BaseStepListener - stepFinished: current outcome:Registering a new user on the Utest page:Given that a new user wants to register on the Utest page [User open utest page [User opens the Utest page, User clicks on Innit Register Button]]
[Test worker] WARN net.thucydides.core.steps.BaseStepListener - stepStarted: net.thucydides.core.steps.ExecutedStepDescription@523dda19
[Test worker] WARN net.thucydides.core.steps.BaseStepListener - stepStarted: net.thucydides.core.steps.ExecutedStepDescription@39b873e6
[Test worker] WARN net.thucydides.core.steps.BaseStepListener - stepStarted: net.thucydides.core.steps.ExecutedStepDescription@425f9605
[Test worker] WARN net.thucydides.core.steps.BaseStepListener - stepFinished: current outcome:Registering a new user on the Utest page:Given that a new user wants to register on the Utest page [User open utest page [User opens the Utest page, User clicks on Innit Register Button]], When all fields are completed
| strName | strLastName | strEmail | strMonthBirth | strDayBirth | strYearBirth | strCity | strCountry | strPostalCode | strComputer | strVersion | strLanguage | strMobileDevice | strModel | strOS | strPassword |
| Daniel | Garcia | jdaniel.0711@hotmail.com | July | 11 | 1996 | Cali | Colombia | 760010 | Windows | 10 | Spanish | Xiaomi | Redmi Note 10S | Android 12 | Dani_960711 | [User fill page [User enters 'Daniel' into field for user name]]
[Test worker] WARN net.thucydides.core.steps.BaseStepListener - stepStarted: net.thucydides.core.steps.ExecutedStepDescription@2eb98f48
[Test worker] WARN net.thucydides.core.steps.BaseStepListener - stepFinished: current outcome:Registering a new user on the Utest page:Given that a new user wants to register on the Utest page [User open utest page [User opens the Utest page, User clicks on Innit Register Button]], When all fields are completed
| strName | strLastName | strEmail | strMonthBirth | strDayBirth | strYearBirth | strCity | strCountry | strPostalCode | strComputer | strVersion | strLanguage | strMobileDevice | strModel | strOS | strPassword |
| Daniel | Garcia | jdaniel.0711@hotmail.com | July | 11 | 1996 | Cali | Colombia | 760010 | Windows | 10 | Spanish | Xiaomi | Redmi Note 10S | Android 12 | Dani_960711 | [User fill page [User enters 'Daniel' into field for user name, User enters 'Garcia' into field for user last name]]
[Test worker] WARN net.thucydides.core.steps.BaseStepListener - stepStarted: net.thucydides.core.steps.ExecutedStepDescription@d7d785d
[Test worker] WARN net.thucydides.core.steps.BaseStepListener - stepFinished: current outcome:Registering a new user on the Utest page:Given that a new user wants to register on the Utest page [User open utest page [User opens the Utest page, User clicks on Innit Register Button]], When all fields are completed
| strName | strLastName | strEmail | strMonthBirth | strDayBirth | strYearBirth | strCity | strCountry | strPostalCode | strComputer | strVersion | strLanguage | strMobileDevice | strModel | strOS | strPassword |
| Daniel | Garcia | jdaniel.0711@hotmail.com | July | 11 | 1996 | Cali | Colombia | 760010 | Windows | 10 | Spanish | Xiaomi | Redmi Note 10S | Android 12 | Dani_960711 | [User fill page [User enters 'Daniel' into field for user name, User enters 'Garcia' into field for user last name, User enters 'jdaniel.0711@hotmail.com' into user email field]]
[Test worker] WARN net.thucydides.core.steps.BaseStepListener - stepStarted: net.thucydides.core.steps.ExecutedStepDescription@7eae8e4e
[Test worker] WARN net.thucydides.core.steps.BaseStepListener - stepFinished: current outcome:Registering a new user on the Utest page:Given that a new user wants to register on the Utest page [User open utest page [User opens the Utest page, User clicks on Innit Register Button]], When all fields are completed
| strName | strLastName | strEmail | strMonthBirth | strDayBirth | strYearBirth | strCity | strCountry | strPostalCode | strComputer | strVersion | strLanguage | strMobileDevice | strModel | strOS | strPassword |
| Daniel | Garcia | jdaniel.0711@hotmail.com | July | 11 | 1996 | Cali | Colombia | 760010 | Windows | 10 | Spanish | Xiaomi | Redmi Note 10S | Android 12 | Dani_960711 | [User fill page [User enters 'Daniel' into field for user name, User enters 'Garcia' into field for user last name, User enters 'jdaniel.0711@hotmail.com' into user email field, User select 11 on field for day of birth]]
[Test worker] WARN net.thucydides.core.steps.BaseStepListener - stepStarted: net.thucydides.core.steps.ExecutedStepDescription@3e0df525
[Test worker] WARN net.thucydides.core.steps.BaseStepListener - stepFinished: current outcome:Registering a new user on the Utest page:Given that a new user wants to register on the Utest page [User open utest page [User opens the Utest page, User clicks on Innit Register Button]], When all fields are completed
| strName | strLastName | strEmail | strMonthBirth | strDayBirth | strYearBirth | strCity | strCountry | strPostalCode | strComputer | strVersion | strLanguage | strMobileDevice | strModel | strOS | strPassword |
| Daniel | Garcia | jdaniel.0711@hotmail.com | July | 11 | 1996 | Cali | Colombia | 760010 | Windows | 10 | Spanish | Xiaomi | Redmi Note 10S | Android 12 | Dani_960711 | [User fill page [User enters 'Daniel' into field for user name, User enters 'Garcia' into field for user last name, User enters 'jdaniel.0711@hotmail.com' into user email field, User select 11 on field for day of birth, User select July on field for month of birth]]
[Test worker] WARN net.thucydides.core.steps.BaseStepListener - stepStarted: net.thucydides.core.steps.ExecutedStepDescription@4f2b1ac3
[Test worker] WARN net.thucydides.core.steps.BaseStepListener - stepFinished: current outcome:Registering a new user on the Utest page:Given that a new user wants to register on the Utest page [User open utest page [User opens the Utest page, User clicks on Innit Register Button]], When all fields are completed
| strName | strLastName | strEmail | strMonthBirth | strDayBirth | strYearBirth | strCity | strCountry | strPostalCode | strComputer | strVersion | strLanguage | strMobileDevice | strModel | strOS | strPassword |
| Daniel | Garcia | jdaniel.0711@hotmail.com | July | 11 | 1996 | Cali | Colombia | 760010 | Windows | 10 | Spanish | Xiaomi | Redmi Note 10S | Android 12 | Dani_960711 | [User fill page [User enters 'Daniel' into field for user name, User enters 'Garcia' into field for user last name, User enters 'jdaniel.0711@hotmail.com' into user email field, User select 11 on field for day of birth, User select July on field for month of birth, User select 1996 on field for year of birth]]
[Test worker] WARN net.thucydides.core.steps.BaseStepListener - stepStarted: net.thucydides.core.steps.ExecutedStepDescription@56a61610
[Test worker] WARN net.thucydides.core.steps.BaseStepListener - stepFinished: current outcome:Registering a new user on the Utest page:Given that a new user wants to register on the Utest page [User open utest page [User opens the Utest page, User clicks on Innit Register Button]], When all fields are completed
| strName | strLastName | strEmail | strMonthBirth | strDayBirth | strYearBirth | strCity | strCountry | strPostalCode | strComputer | strVersion | strLanguage | strMobileDevice | strModel | strOS | strPassword |
| Daniel | Garcia | jdaniel.0711@hotmail.com | July | 11 | 1996 | Cali | Colombia | 760010 | Windows | 10 | Spanish | Xiaomi | Redmi Note 10S | Android 12 | Dani_960711 | [User fill page [User enters 'Daniel' into field for user name, User enters 'Garcia' into field for user last name, User enters 'jdaniel.0711@hotmail.com' into user email field, User select 11 on field for day of birth, User select July on field for month of birth, User select 1996 on field for year of birth, User clicks on Button to go to the address section]]
[Test worker] WARN net.thucydides.core.steps.BaseStepListener - stepFinished: current outcome:Registering a new user on the Utest page:Given that a new user wants to register on the Utest page [User open utest page [User opens the Utest page, User clicks on Innit Register Button]], When all fields are completed
| strName | strLastName | strEmail | strMonthBirth | strDayBirth | strYearBirth | strCity | strCountry | strPostalCode | strComputer | strVersion | strLanguage | strMobileDevice | strModel | strOS | strPassword |
| Daniel | Garcia | jdaniel.0711@hotmail.com | July | 11 | 1996 | Cali | Colombia | 760010 | Windows | 10 | Spanish | Xiaomi | Redmi Note 10S | Android 12 | Dani_960711 | [User fill page [User enters 'Daniel' into field for user name, User enters 'Garcia' into field for user last name, User enters 'jdaniel.0711@hotmail.com' into user email field, User select 11 on field for day of birth, User select July on field for month of birth, User select 1996 on field for year of birth, User clicks on Button to go to the address section]]
[Test worker] WARN net.thucydides.core.steps.BaseStepListener - stepStarted: net.thucydides.core.steps.ExecutedStepDescription@7bb518ab
[Test worker] WARN net.thucydides.core.steps.BaseStepListener - stepStarted: net.thucydides.core.steps.ExecutedStepDescription@3a3e347c
[Test worker] WARN net.thucydides.core.steps.BaseStepListener - stepFinished: current outcome:Registering a new user on the Utest page:Given that a new user wants to register on the Utest page [User open utest page [User opens the Utest page, User clicks on Innit Register Button]], When all fields are completed
| strName | strLastName | strEmail | strMonthBirth | strDayBirth | strYearBirth | strCity | strCountry | strPostalCode | strComputer | strVersion | strLanguage | strMobileDevice | strModel | strOS | strPassword |
| Daniel | Garcia | jdaniel.0711@hotmail.com | July | 11 | 1996 | Cali | Colombia | 760010 | Windows | 10 | Spanish | Xiaomi | Redmi Note 10S | Android 12 | Dani_960711 | [User fill page [User enters 'Daniel' into field for user name, User enters 'Garcia' into field for user last name, User enters 'jdaniel.0711@hotmail.com' into user email field, User select 11 on field for day of birth, User select July on field for month of birth, User select 1996 on field for year of birth, User clicks on Button to go to the address section], User fill page address [User enters 'Cali' into field for user city]]
[Test worker] WARN net.thucydides.core.steps.BaseStepListener - stepStarted: net.thucydides.core.steps.ExecutedStepDescription@5cfc7911
[Test worker] WARN net.thucydides.core.steps.BaseStepListener - stepFinished: current outcome:Registering a new user on the Utest page:Given that a new user wants to register on the Utest page [User open utest page [User opens the Utest page, User clicks on Innit Register Button]], When all fields are completed
| strName | strLastName | strEmail | strMonthBirth | strDayBirth | strYearBirth | strCity | strCountry | strPostalCode | strComputer | strVersion | strLanguage | strMobileDevice | strModel | strOS | strPassword |
| Daniel | Garcia | jdaniel.0711@hotmail.com | July | 11 | 1996 | Cali | Colombia | 760010 | Windows | 10 | Spanish | Xiaomi | Redmi Note 10S | Android 12 | Dani_960711 | [User fill page [User enters 'Daniel' into field for user name, User enters 'Garcia' into field for user last name, User enters 'jdaniel.0711@hotmail.com' into user email field, User select 11 on field for day of birth, User select July on field for month of birth, User select 1996 on field for year of birth, User clicks on Button to go to the address section], User fill page address [User enters 'Cali' into field for user city, User types 'ARROW_DOWN' in field for user city]]
[Test worker] WARN net.thucydides.core.steps.BaseStepListener - stepStarted: net.thucydides.core.steps.ExecutedStepDescription@18ac6de3
[Test worker] WARN net.thucydides.core.steps.BaseStepListener - stepFinished: current outcome:Registering a new user on the Utest page:Given that a new user wants to register on the Utest page [User open utest page [User opens the Utest page, User clicks on Innit Register Button]], When all fields are completed
| strName | strLastName | strEmail | strMonthBirth | strDayBirth | strYearBirth | strCity | strCountry | strPostalCode | strComputer | strVersion | strLanguage | strMobileDevice | strModel | strOS | strPassword |
| Daniel | Garcia | jdaniel.0711@hotmail.com | July | 11 | 1996 | Cali | Colombia | 760010 | Windows | 10 | Spanish | Xiaomi | Redmi Note 10S | Android 12 | Dani_960711 | [User fill page [User enters 'Daniel' into field for user name, User enters 'Garcia' into field for user last name, User enters 'jdaniel.0711@hotmail.com' into user email field, User select 11 on field for day of birth, User select July on field for month of birth, User select 1996 on field for year of birth, User clicks on Button to go to the address section], User fill page address [User enters 'Cali' into field for user city, User types 'ARROW_DOWN' in field for user city, User types 'ENTER' in field for user city]]
[Test worker] WARN net.thucydides.core.steps.BaseStepListener - stepStarted: net.thucydides.core.steps.ExecutedStepDescription@2b067e34
[Test worker] WARN net.thucydides.core.steps.BaseStepListener - stepFinished: current outcome:Registering a new user on the Utest page:Given that a new user wants to register on the Utest page [User open utest page [User opens the Utest page, User clicks on Innit Register Button]], When all fields are completed
| strName | strLastName | strEmail | strMonthBirth | strDayBirth | strYearBirth | strCity | strCountry | strPostalCode | strComputer | strVersion | strLanguage | strMobileDevice | strModel | strOS | strPassword |
| Daniel | Garcia | jdaniel.0711@hotmail.com | July | 11 | 1996 | Cali | Colombia | 760010 | Windows | 10 | Spanish | Xiaomi | Redmi Note 10S | Android 12 | Dani_960711 | [User fill page [User enters 'Daniel' into field for user name, User enters 'Garcia' into field for user last name, User enters 'jdaniel.0711@hotmail.com' into user email field, User select 11 on field for day of birth, User select July on field for month of birth, User select 1996 on field for year of birth, User clicks on Button to go to the address section], User fill page address [User enters 'Cali' into field for user city, User types 'ARROW_DOWN' in field for user city, User types 'ENTER' in field for user city, User enters '760010' into field for postal code]]
[Test worker] WARN net.thucydides.core.steps.BaseStepListener - stepStarted: net.thucydides.core.steps.ExecutedStepDescription@5cb701a0
[Test worker] WARN net.thucydides.core.steps.BaseStepListener - stepFinished: current outcome:Registering a new user on the Utest page:Given that a new user wants to register on the Utest page [User open utest page [User opens the Utest page, User clicks on Innit Register Button]], When all fields are completed
| strName | strLastName | strEmail | strMonthBirth | strDayBirth | strYearBirth | strCity | strCountry | strPostalCode | strComputer | strVersion | strLanguage | strMobileDevice | strModel | strOS | strPassword |
| Daniel | Garcia | jdaniel.0711@hotmail.com | July | 11 | 1996 | Cali | Colombia | 760010 | Windows | 10 | Spanish | Xiaomi | Redmi Note 10S | Android 12 | Dani_960711 | [User fill page [User enters 'Daniel' into field for user name, User enters 'Garcia' into field for user last name, User enters 'jdaniel.0711@hotmail.com' into user email field, User select 11 on field for day of birth, User select July on field for month of birth, User select 1996 on field for year of birth, User clicks on Button to go to the address section], User fill page address [User enters 'Cali' into field for user city, User types 'ARROW_DOWN' in field for user city, User types 'ENTER' in field for user city, User enters '760010' into field for postal code, User clicks on container fot user country]]
[Test worker] WARN net.thucydides.core.steps.BaseStepListener - stepStarted: net.thucydides.core.steps.ExecutedStepDescription@e856df3
[Test worker] WARN net.thucydides.core.steps.BaseStepListener - stepFinished: current outcome:Registering a new user on the Utest page:Given that a new user wants to register on the Utest page [User open utest page [User opens the Utest page, User clicks on Innit Register Button]], When all fields are completed
| strName | strLastName | strEmail | strMonthBirth | strDayBirth | strYearBirth | strCity | strCountry | strPostalCode | strComputer | strVersion | strLanguage | strMobileDevice | strModel | strOS | strPassword |
| Daniel | Garcia | jdaniel.0711@hotmail.com | July | 11 | 1996 | Cali | Colombia | 760010 | Windows | 10 | Spanish | Xiaomi | Redmi Note 10S | Android 12 | Dani_960711 | [User fill page [User enters 'Daniel' into field for user name, User enters 'Garcia' into field for user last name, User enters 'jdaniel.0711@hotmail.com' into user email field, User select 11 on field for day of birth, User select July on field for month of birth, User select 1996 on field for year of birth, User clicks on Button to go to the address section], User fill page address [User enters 'Cali' into field for user city, User types 'ARROW_DOWN' in field for user city, User types 'ENTER' in field for user city, User enters '760010' into field for postal code, User clicks on container fot user country, User enters 'Colombia' into User country]]
[Test worker] WARN net.thucydides.core.steps.BaseStepListener - stepStarted: net.thucydides.core.steps.ExecutedStepDescription@33f56ad9
[Test worker] WARN net.thucydides.core.steps.BaseStepListener - stepFinished: current outcome:Registering a new user on the Utest page:Given that a new user wants to register on the Utest page [User open utest page [User opens the Utest page, User clicks on Innit Register Button]], When all fields are completed
| strName | strLastName | strEmail | strMonthBirth | strDayBirth | strYearBirth | strCity | strCountry | strPostalCode | strComputer | strVersion | strLanguage | strMobileDevice | strModel | strOS | strPassword |
| Daniel | Garcia | jdaniel.0711@hotmail.com | July | 11 | 1996 | Cali | Colombia | 760010 | Windows | 10 | Spanish | Xiaomi | Redmi Note 10S | Android 12 | Dani_960711 | [User fill page [User enters 'Daniel' into field for user name, User enters 'Garcia' into field for user last name, User enters 'jdaniel.0711@hotmail.com' into user email field, User select 11 on field for day of birth, User select July on field for month of birth, User select 1996 on field for year of birth, User clicks on Button to go to the address section], User fill page address [User enters 'Cali' into field for user city, User types 'ARROW_DOWN' in field for user city, User types 'ENTER' in field for user city, User enters '760010' into field for postal code, User clicks on container fot user country, User enters 'Colombia' into User country, User clicks on Button to the device page]]
[Test worker] WARN net.thucydides.core.steps.BaseStepListener - stepFinished: current outcome:Registering a new user on the Utest page:Given that a new user wants to register on the Utest page [User open utest page [User opens the Utest page, User clicks on Innit Register Button]], When all fields are completed
| strName | strLastName | strEmail | strMonthBirth | strDayBirth | strYearBirth | strCity | strCountry | strPostalCode | strComputer | strVersion | strLanguage | strMobileDevice | strModel | strOS | strPassword |
| Daniel | Garcia | jdaniel.0711@hotmail.com | July | 11 | 1996 | Cali | Colombia | 760010 | Windows | 10 | Spanish | Xiaomi | Redmi Note 10S | Android 12 | Dani_960711 | [User fill page [User enters 'Daniel' into field for user name, User enters 'Garcia' into field for user last name, User enters 'jdaniel.0711@hotmail.com' into user email field, User select 11 on field for day of birth, User select July on field for month of birth, User select 1996 on field for year of birth, User clicks on Button to go to the address section], User fill page address [User enters 'Cali' into field for user city, User types 'ARROW_DOWN' in field for user city, User types 'ENTER' in field for user city, User enters '760010' into field for postal code, User clicks on container fot user country, User enters 'Colombia' into User country, User clicks on Button to the device page]]
[Test worker] WARN net.thucydides.core.steps.BaseStepListener - stepStarted: net.thucydides.core.steps.ExecutedStepDescription@5e91076b
[Test worker] WARN net.thucydides.core.steps.BaseStepListener - stepStarted: net.thucydides.core.steps.ExecutedStepDescription@255ac284
[Test worker] WARN net.thucydides.core.steps.BaseStepListener - stepFinished: current outcome:Registering a new user on the Utest page:Given that a new user wants to register on the Utest page [User open utest page [User opens the Utest page, User clicks on Innit Register Button]], When all fields are completed
| strName | strLastName | strEmail | strMonthBirth | strDayBirth | strYearBirth | strCity | strCountry | strPostalCode | strComputer | strVersion | strLanguage | strMobileDevice | strModel | strOS | strPassword |
| Daniel | Garcia | jdaniel.0711@hotmail.com | July | 11 | 1996 | Cali | Colombia | 760010 | Windows | 10 | Spanish | Xiaomi | Redmi Note 10S | Android 12 | Dani_960711 | [User fill page [User enters 'Daniel' into field for user name, User enters 'Garcia' into field for user last name, User enters 'jdaniel.0711@hotmail.com' into user email field, User select 11 on field for day of birth, User select July on field for month of birth, User select 1996 on field for year of birth, User clicks on Button to go to the address section], User fill page address [User enters 'Cali' into field for user city, User types 'ARROW_DOWN' in field for user city, User types 'ENTER' in field for user city, User enters '760010' into field for postal code, User clicks on container fot user country, User enters 'Colombia' into User country, User clicks on Button to the device page], User fill page devices [User clicks on CONTAINER FOR COMPUTER]]
[Test worker] WARN net.thucydides.core.steps.BaseStepListener - stepStarted: net.thucydides.core.steps.ExecutedStepDescription@605c55c7
[Test worker] WARN net.thucydides.core.steps.BaseStepListener - stepFinished: current outcome:Registering a new user on the Utest page:Given that a new user wants to register on the Utest page [User open utest page [User opens the Utest page, User clicks on Innit Register Button]], When all fields are completed
| strName | strLastName | strEmail | strMonthBirth | strDayBirth | strYearBirth | strCity | strCountry | strPostalCode | strComputer | strVersion | strLanguage | strMobileDevice | strModel | strOS | strPassword |
| Daniel | Garcia | jdaniel.0711@hotmail.com | July | 11 | 1996 | Cali | Colombia | 760010 | Windows | 10 | Spanish | Xiaomi | Redmi Note 10S | Android 12 | Dani_960711 | [User fill page [User enters 'Daniel' into field for user name, User enters 'Garcia' into field for user last name, User enters 'jdaniel.0711@hotmail.com' into user email field, User select 11 on field for day of birth, User select July on field for month of birth, User select 1996 on field for year of birth, User clicks on Button to go to the address section], User fill page address [User enters 'Cali' into field for user city, User types 'ARROW_DOWN' in field for user city, User types 'ENTER' in field for user city, User enters '760010' into field for postal code, User clicks on container fot user country, User enters 'Colombia' into User country, User clicks on Button to the device page], User fill page devices [User clicks on CONTAINER FOR COMPUTER, User enters 'Windows' into computer]]
[Test worker] WARN net.thucydides.core.steps.BaseStepListener - stepStarted: net.thucydides.core.steps.ExecutedStepDescription@4083ebb4
[Test worker] WARN net.thucydides.core.steps.BaseStepListener - stepFinished: current outcome:Registering a new user on the Utest page:Given that a new user wants to register on the Utest page [User open utest page [User opens the Utest page, User clicks on Innit Register Button]], When all fields are completed
| strName | strLastName | strEmail | strMonthBirth | strDayBirth | strYearBirth | strCity | strCountry | strPostalCode | strComputer | strVersion | strLanguage | strMobileDevice | strModel | strOS | strPassword |
| Daniel | Garcia | jdaniel.0711@hotmail.com | July | 11 | 1996 | Cali | Colombia | 760010 | Windows | 10 | Spanish | Xiaomi | Redmi Note 10S | Android 12 | Dani_960711 | [User fill page [User enters 'Daniel' into field for user name, User enters 'Garcia' into field for user last name, User enters 'jdaniel.0711@hotmail.com' into user email field, User select 11 on field for day of birth, User select July on field for month of birth, User select 1996 on field for year of birth, User clicks on Button to go to the address section], User fill page address [User enters 'Cali' into field for user city, User types 'ARROW_DOWN' in field for user city, User types 'ENTER' in field for user city, User enters '760010' into field for postal code, User clicks on container fot user country, User enters 'Colombia' into User country, User clicks on Button to the device page], User fill page devices [User clicks on CONTAINER FOR COMPUTER, User enters 'Windows' into computer, User types 'ARROW_DOWN' in computer]]
[Test worker] WARN net.thucydides.core.steps.BaseStepListener - stepStarted: net.thucydides.core.steps.ExecutedStepDescription@6c275c3d
[Test worker] WARN net.thucydides.core.steps.BaseStepListener - stepFinished: current outcome:Registering a new user on the Utest page:Given that a new user wants to register on the Utest page [User open utest page [User opens the Utest page, User clicks on Innit Register Button]], When all fields are completed
| strName | strLastName | strEmail | strMonthBirth | strDayBirth | strYearBirth | strCity | strCountry | strPostalCode | strComputer | strVersion | strLanguage | strMobileDevice | strModel | strOS | strPassword |
| Daniel | Garcia | jdaniel.0711@hotmail.com | July | 11 | 1996 | Cali | Colombia | 760010 | Windows | 10 | Spanish | Xiaomi | Redmi Note 10S | Android 12 | Dani_960711 | [User fill page [User enters 'Daniel' into field for user name, User enters 'Garcia' into field for user last name, User enters 'jdaniel.0711@hotmail.com' into user email field, User select 11 on field for day of birth, User select July on field for month of birth, User select 1996 on field for year of birth, User clicks on Button to go to the address section], User fill page address [User enters 'Cali' into field for user city, User types 'ARROW_DOWN' in field for user city, User types 'ENTER' in field for user city, User enters '760010' into field for postal code, User clicks on container fot user country, User enters 'Colombia' into User country, User clicks on Button to the device page], User fill page devices [User clicks on CONTAINER FOR COMPUTER, User enters 'Windows' into computer, User types 'ARROW_DOWN' in computer, User types 'ENTER' in computer]]
[Test worker] WARN net.thucydides.core.steps.BaseStepListener - stepStarted: net.thucydides.core.steps.ExecutedStepDescription@7080321d
[Test worker] WARN net.thucydides.core.steps.BaseStepListener - stepFinished: current outcome:Registering a new user on the Utest page:Given that a new user wants to register on the Utest page [User open utest page [User opens the Utest page, User clicks on Innit Register Button]], When all fields are completed
| strName | strLastName | strEmail | strMonthBirth | strDayBirth | strYearBirth | strCity | strCountry | strPostalCode | strComputer | strVersion | strLanguage | strMobileDevice | strModel | strOS | strPassword |
| Daniel | Garcia | jdaniel.0711@hotmail.com | July | 11 | 1996 | Cali | Colombia | 760010 | Windows | 10 | Spanish | Xiaomi | Redmi Note 10S | Android 12 | Dani_960711 | [User fill page [User enters 'Daniel' into field for user name, User enters 'Garcia' into field for user last name, User enters 'jdaniel.0711@hotmail.com' into user email field, User select 11 on field for day of birth, User select July on field for month of birth, User select 1996 on field for year of birth, User clicks on Button to go to the address section], User fill page address [User enters 'Cali' into field for user city, User types 'ARROW_DOWN' in field for user city, User types 'ENTER' in field for user city, User enters '760010' into field for postal code, User clicks on container fot user country, User enters 'Colombia' into User country, User clicks on Button to the device page], User fill page devices [User clicks on CONTAINER FOR COMPUTER, User enters 'Windows' into computer, User types 'ARROW_DOWN' in computer, User types 'ENTER' in computer, User clicks on Container for version]]
[Test worker] WARN net.thucydides.core.steps.BaseStepListener - stepStarted: net.thucydides.core.steps.ExecutedStepDescription@1361698e
[Test worker] WARN net.thucydides.core.steps.BaseStepListener - stepFinished: current outcome:Registering a new user on the Utest page:Given that a new user wants to register on the Utest page [User open utest page [User opens the Utest page, User clicks on Innit Register Button]], When all fields are completed
| strName | strLastName | strEmail | strMonthBirth | strDayBirth | strYearBirth | strCity | strCountry | strPostalCode | strComputer | strVersion | strLanguage | strMobileDevice | strModel | strOS | strPassword |
| Daniel | Garcia | jdaniel.0711@hotmail.com | July | 11 | 1996 | Cali | Colombia | 760010 | Windows | 10 | Spanish | Xiaomi | Redmi Note 10S | Android 12 | Dani_960711 | [User fill page [User enters 'Daniel' into field for user name, User enters 'Garcia' into field for user last name, User enters 'jdaniel.0711@hotmail.com' into user email field, User select 11 on field for day of birth, User select July on field for month of birth, User select 1996 on field for year of birth, User clicks on Button to go to the address section], User fill page address [User enters 'Cali' into field for user city, User types 'ARROW_DOWN' in field for user city, User types 'ENTER' in field for user city, User enters '760010' into field for postal code, User clicks on container fot user country, User enters 'Colombia' into User country, User clicks on Button to the device page], User fill page devices [User clicks on CONTAINER FOR COMPUTER, User enters 'Windows' into computer, User types 'ARROW_DOWN' in computer, User types 'ENTER' in computer, User clicks on Container for version, User enters '10' into version]]
[Test worker] WARN net.thucydides.core.steps.BaseStepListener - stepStarted: net.thucydides.core.steps.ExecutedStepDescription@441c5cb5
[Test worker] WARN net.thucydides.core.steps.BaseStepListener - stepFinished: current outcome:Registering a new user on the Utest page:Given that a new user wants to register on the Utest page [User open utest page [User opens the Utest page, User clicks on Innit Register Button]], When all fields are completed
| strName | strLastName | strEmail | strMonthBirth | strDayBirth | strYearBirth | strCity | strCountry | strPostalCode | strComputer | strVersion | strLanguage | strMobileDevice | strModel | strOS | strPassword |
| Daniel | Garcia | jdaniel.0711@hotmail.com | July | 11 | 1996 | Cali | Colombia | 760010 | Windows | 10 | Spanish | Xiaomi | Redmi Note 10S | Android 12 | Dani_960711 | [User fill page [User enters 'Daniel' into field for user name, User enters 'Garcia' into field for user last name, User enters 'jdaniel.0711@hotmail.com' into user email field, User select 11 on field for day of birth, User select July on field for month of birth, User select 1996 on field for year of birth, User clicks on Button to go to the address section], User fill page address [User enters 'Cali' into field for user city, User types 'ARROW_DOWN' in field for user city, User types 'ENTER' in field for user city, User enters '760010' into field for postal code, User clicks on container fot user country, User enters 'Colombia' into User country, User clicks on Button to the device page], User fill page devices [User clicks on CONTAINER FOR COMPUTER, User enters 'Windows' into computer, User types 'ARROW_DOWN' in computer, User types 'ENTER' in computer, User clicks on Container for version, User enters '10' into version, User types 'ARROW_DOWN' in version]]
[Test worker] WARN net.thucydides.core.steps.BaseStepListener - stepStarted: net.thucydides.core.steps.ExecutedStepDescription@23f15d0
[Test worker] WARN net.thucydides.core.steps.BaseStepListener - stepFinished: current outcome:Registering a new user on the Utest page:Given that a new user wants to register on the Utest page [User open utest page [User opens the Utest page, User clicks on Innit Register Button]], When all fields are completed
| strName | strLastName | strEmail | strMonthBirth | strDayBirth | strYearBirth | strCity | strCountry | strPostalCode | strComputer | strVersion | strLanguage | strMobileDevice | strModel | strOS | strPassword |
| Daniel | Garcia | jdaniel.0711@hotmail.com | July | 11 | 1996 | Cali | Colombia | 760010 | Windows | 10 | Spanish | Xiaomi | Redmi Note 10S | Android 12 | Dani_960711 | [User fill page [User enters 'Daniel' into field for user name, User enters 'Garcia' into field for user last name, User enters 'jdaniel.0711@hotmail.com' into user email field, User select 11 on field for day of birth, User select July on field for month of birth, User select 1996 on field for year of birth, User clicks on Button to go to the address section], User fill page address [User enters 'Cali' into field for user city, User types 'ARROW_DOWN' in field for user city, User types 'ENTER' in field for user city, User enters '760010' into field for postal code, User clicks on container fot user country, User enters 'Colombia' into User country, User clicks on Button to the device page], User fill page devices [User clicks on CONTAINER FOR COMPUTER, User enters 'Windows' into computer, User types 'ARROW_DOWN' in computer, User types 'ENTER' in computer, User clicks on Container for version, User enters '10' into version, User types 'ARROW_DOWN' in version, User types 'ENTER' in version]]
[Test worker] WARN net.thucydides.core.steps.BaseStepListener - stepStarted: net.thucydides.core.steps.ExecutedStepDescription@342da45a
[Test worker] WARN net.thucydides.core.steps.BaseStepListener - stepFinished: current outcome:Registering a new user on the Utest page:Given that a new user wants to register on the Utest page [User open utest page [User opens the Utest page, User clicks on Innit Register Button]], When all fields are completed
| strName | strLastName | strEmail | strMonthBirth | strDayBirth | strYearBirth | strCity | strCountry | strPostalCode | strComputer | strVersion | strLanguage | strMobileDevice | strModel | strOS | strPassword |
| Daniel | Garcia | jdaniel.0711@hotmail.com | July | 11 | 1996 | Cali | Colombia | 760010 | Windows | 10 | Spanish | Xiaomi | Redmi Note 10S | Android 12 | Dani_960711 | [User fill page [User enters 'Daniel' into field for user name, User enters 'Garcia' into field for user last name, User enters 'jdaniel.0711@hotmail.com' into user email field, User select 11 on field for day of birth, User select July on field for month of birth, User select 1996 on field for year of birth, User clicks on Button to go to the address section], User fill page address [User enters 'Cali' into field for user city, User types 'ARROW_DOWN' in field for user city, User types 'ENTER' in field for user city, User enters '760010' into field for postal code, User clicks on container fot user country, User enters 'Colombia' into User country, User clicks on Button to the device page], User fill page devices [User clicks on CONTAINER FOR COMPUTER, User enters 'Windows' into computer, User types 'ARROW_DOWN' in computer, User types 'ENTER' in computer, User clicks on Container for version, User enters '10' into version, User types 'ARROW_DOWN' in version, User types 'ENTER' in version, User clicks on Container for language]]
[Test worker] WARN net.thucydides.core.steps.BaseStepListener - stepStarted: net.thucydides.core.steps.ExecutedStepDescription@247ded1a
[Test worker] WARN net.thucydides.core.steps.BaseStepListener - stepFinished: current outcome:Registering a new user on the Utest page:Given that a new user wants to register on the Utest page [User open utest page [User opens the Utest page, User clicks on Innit Register Button]], When all fields are completed
| strName | strLastName | strEmail | strMonthBirth | strDayBirth | strYearBirth | strCity | strCountry | strPostalCode | strComputer | strVersion | strLanguage | strMobileDevice | strModel | strOS | strPassword |
| Daniel | Garcia | jdaniel.0711@hotmail.com | July | 11 | 1996 | Cali | Colombia | 760010 | Windows | 10 | Spanish | Xiaomi | Redmi Note 10S | Android 12 | Dani_960711 | [User fill page [User enters 'Daniel' into field for user name, User enters 'Garcia' into field for user last name, User enters 'jdaniel.0711@hotmail.com' into user email field, User select 11 on field for day of birth, User select July on field for month of birth, User select 1996 on field for year of birth, User clicks on Button to go to the address section], User fill page address [User enters 'Cali' into field for user city, User types 'ARROW_DOWN' in field for user city, User types 'ENTER' in field for user city, User enters '760010' into field for postal code, User clicks on container fot user country, User enters 'Colombia' into User country, User clicks on Button to the device page], User fill page devices [User clicks on CONTAINER FOR COMPUTER, User enters 'Windows' into computer, User types 'ARROW_DOWN' in computer, User types 'ENTER' in computer, User clicks on Container for version, User enters '10' into version, User types 'ARROW_DOWN' in version, User types 'ENTER' in version, User clicks on Container for language, User enters 'Spanish' into language]]
[Test worker] WARN net.thucydides.core.steps.BaseStepListener - stepStarted: net.thucydides.core.steps.ExecutedStepDescription@172a16d0
[Test worker] WARN net.thucydides.core.steps.BaseStepListener - stepFinished: current outcome:Registering a new user on the Utest page:Given that a new user wants to register on the Utest page [User open utest page [User opens the Utest page, User clicks on Innit Register Button]], When all fields are completed
| strName | strLastName | strEmail | strMonthBirth | strDayBirth | strYearBirth | strCity | strCountry | strPostalCode | strComputer | strVersion | strLanguage | strMobileDevice | strModel | strOS | strPassword |
| Daniel | Garcia | jdaniel.0711@hotmail.com | July | 11 | 1996 | Cali | Colombia | 760010 | Windows | 10 | Spanish | Xiaomi | Redmi Note 10S | Android 12 | Dani_960711 | [User fill page [User enters 'Daniel' into field for user name, User enters 'Garcia' into field for user last name, User enters 'jdaniel.0711@hotmail.com' into user email field, User select 11 on field for day of birth, User select July on field for month of birth, User select 1996 on field for year of birth, User clicks on Button to go to the address section], User fill page address [User enters 'Cali' into field for user city, User types 'ARROW_DOWN' in field for user city, User types 'ENTER' in field for user city, User enters '760010' into field for postal code, User clicks on container fot user country, User enters 'Colombia' into User country, User clicks on Button to the device page], User fill page devices [User clicks on CONTAINER FOR COMPUTER, User enters 'Windows' into computer, User types 'ARROW_DOWN' in computer, User types 'ENTER' in computer, User clicks on Container for version, User enters '10' into version, User types 'ARROW_DOWN' in version, User types 'ENTER' in version, User clicks on Container for language, User enters 'Spanish' into language, User types 'ARROW_DOWN' in language]]
[Test worker] WARN net.thucydides.core.steps.BaseStepListener - stepStarted: net.thucydides.core.steps.ExecutedStepDescription@63a83d03
[Test worker] WARN net.thucydides.core.steps.BaseStepListener - stepFinished: current outcome:Registering a new user on the Utest page:Given that a new user wants to register on the Utest page [User open utest page [User opens the Utest page, User clicks on Innit Register Button]], When all fields are completed
| strName | strLastName | strEmail | strMonthBirth | strDayBirth | strYearBirth | strCity | strCountry | strPostalCode | strComputer | strVersion | strLanguage | strMobileDevice | strModel | strOS | strPassword |
| Daniel | Garcia | jdaniel.0711@hotmail.com | July | 11 | 1996 | Cali | Colombia | 760010 | Windows | 10 | Spanish | Xiaomi | Redmi Note 10S | Android 12 | Dani_960711 | [User fill page [User enters 'Daniel' into field for user name, User enters 'Garcia' into field for user last name, User enters 'jdaniel.0711@hotmail.com' into user email field, User select 11 on field for day of birth, User select July on field for month of birth, User select 1996 on field for year of birth, User clicks on Button to go to the address section], User fill page address [User enters 'Cali' into field for user city, User types 'ARROW_DOWN' in field for user city, User types 'ENTER' in field for user city, User enters '760010' into field for postal code, User clicks on container fot user country, User enters 'Colombia' into User country, User clicks on Button to the device page], User fill page devices [User clicks on CONTAINER FOR COMPUTER, User enters 'Windows' into computer, User types 'ARROW_DOWN' in computer, User types 'ENTER' in computer, User clicks on Container for version, User enters '10' into version, User types 'ARROW_DOWN' in version, User types 'ENTER' in version, User clicks on Container for language, User enters 'Spanish' into language, User types 'ARROW_DOWN' in language, User types 'ENTER' in language]]
[Test worker] WARN net.thucydides.core.steps.BaseStepListener - stepStarted: net.thucydides.core.steps.ExecutedStepDescription@537be89d
[Test worker] WARN net.thucydides.core.steps.BaseStepListener - stepFinished: current outcome:Registering a new user on the Utest page:Given that a new user wants to register on the Utest page [User open utest page [User opens the Utest page, User clicks on Innit Register Button]], When all fields are completed
| strName | strLastName | strEmail | strMonthBirth | strDayBirth | strYearBirth | strCity | strCountry | strPostalCode | strComputer | strVersion | strLanguage | strMobileDevice | strModel | strOS | strPassword |
| Daniel | Garcia | jdaniel.0711@hotmail.com | July | 11 | 1996 | Cali | Colombia | 760010 | Windows | 10 | Spanish | Xiaomi | Redmi Note 10S | Android 12 | Dani_960711 | [User fill page [User enters 'Daniel' into field for user name, User enters 'Garcia' into field for user last name, User enters 'jdaniel.0711@hotmail.com' into user email field, User select 11 on field for day of birth, User select July on field for month of birth, User select 1996 on field for year of birth, User clicks on Button to go to the address section], User fill page address [User enters 'Cali' into field for user city, User types 'ARROW_DOWN' in field for user city, User types 'ENTER' in field for user city, User enters '760010' into field for postal code, User clicks on container fot user country, User enters 'Colombia' into User country, User clicks on Button to the device page], User fill page devices [User clicks on CONTAINER FOR COMPUTER, User enters 'Windows' into computer, User types 'ARROW_DOWN' in computer, User types 'ENTER' in computer, User clicks on Container for version, User enters '10' into version, User types 'ARROW_DOWN' in version, User types 'ENTER' in version, User clicks on Container for language, User enters 'Spanish' into language, User types 'ARROW_DOWN' in language, User types 'ENTER' in language, User clicks on Container for mobile device]]
[Test worker] WARN net.thucydides.core.steps.BaseStepListener - stepStarted: net.thucydides.core.steps.ExecutedStepDescription@28d8d6be
[Test worker] WARN net.thucydides.core.steps.BaseStepListener - stepFinished: current outcome:Registering a new user on the Utest page:Given that a new user wants to register on the Utest page [User open utest page [User opens the Utest page, User clicks on Innit Register Button]], When all fields are completed
| strName | strLastName | strEmail | strMonthBirth | strDayBirth | strYearBirth | strCity | strCountry | strPostalCode | strComputer | strVersion | strLanguage | strMobileDevice | strModel | strOS | strPassword |
| Daniel | Garcia | jdaniel.0711@hotmail.com | July | 11 | 1996 | Cali | Colombia | 760010 | Windows | 10 | Spanish | Xiaomi | Redmi Note 10S | Android 12 | Dani_960711 | [User fill page [User enters 'Daniel' into field for user name, User enters 'Garcia' into field for user last name, User enters 'jdaniel.0711@hotmail.com' into user email field, User select 11 on field for day of birth, User select July on field for month of birth, User select 1996 on field for year of birth, User clicks on Button to go to the address section], User fill page address [User enters 'Cali' into field for user city, User types 'ARROW_DOWN' in field for user city, User types 'ENTER' in field for user city, User enters '760010' into field for postal code, User clicks on container fot user country, User enters 'Colombia' into User country, User clicks on Button to the device page], User fill page devices [User clicks on CONTAINER FOR COMPUTER, User enters 'Windows' into computer, User types 'ARROW_DOWN' in computer, User types 'ENTER' in computer, User clicks on Container for version, User enters '10' into version, User types 'ARROW_DOWN' in version, User types 'ENTER' in version, User clicks on Container for language, User enters 'Spanish' into language, User types 'ARROW_DOWN' in language, User types 'ENTER' in language, User clicks on Container for mobile device, User enters 'Xiaomi' into mobile device]]
[Test worker] WARN net.thucydides.core.steps.BaseStepListener - stepStarted: net.thucydides.core.steps.ExecutedStepDescription@7fac7630
[Test worker] WARN net.thucydides.core.steps.BaseStepListener - stepFinished: current outcome:Registering a new user on the Utest page:Given that a new user wants to register on the Utest page [User open utest page [User opens the Utest page, User clicks on Innit Register Button]], When all fields are completed
| strName | strLastName | strEmail | strMonthBirth | strDayBirth | strYearBirth | strCity | strCountry | strPostalCode | strComputer | strVersion | strLanguage | strMobileDevice | strModel | strOS | strPassword |
| Daniel | Garcia | jdaniel.0711@hotmail.com | July | 11 | 1996 | Cali | Colombia | 760010 | Windows | 10 | Spanish | Xiaomi | Redmi Note 10S | Android 12 | Dani_960711 | [User fill page [User enters 'Daniel' into field for user name, User enters 'Garcia' into field for user last name, User enters 'jdaniel.0711@hotmail.com' into user email field, User select 11 on field for day of birth, User select July on field for month of birth, User select 1996 on field for year of birth, User clicks on Button to go to the address section], User fill page address [User enters 'Cali' into field for user city, User types 'ARROW_DOWN' in field for user city, User types 'ENTER' in field for user city, User enters '760010' into field for postal code, User clicks on container fot user country, User enters 'Colombia' into User country, User clicks on Button to the device page], User fill page devices [User clicks on CONTAINER FOR COMPUTER, User enters 'Windows' into computer, User types 'ARROW_DOWN' in computer, User types 'ENTER' in computer, User clicks on Container for version, User enters '10' into version, User types 'ARROW_DOWN' in version, User types 'ENTER' in version, User clicks on Container for language, User enters 'Spanish' into language, User types 'ARROW_DOWN' in language, User types 'ENTER' in language, User clicks on Container for mobile device, User enters 'Xiaomi' into mobile device, User types 'ARROW_DOWN' in mobile device]]
[Test worker] WARN net.thucydides.core.steps.BaseStepListener - stepStarted: net.thucydides.core.steps.ExecutedStepDescription@16f467c7
[Test worker] WARN net.thucydides.core.steps.BaseStepListener - stepFinished: current outcome:Registering a new user on the Utest page:Given that a new user wants to register on the Utest page [User open utest page [User opens the Utest page, User clicks on Innit Register Button]], When all fields are completed
| strName | strLastName | strEmail | strMonthBirth | strDayBirth | strYearBirth | strCity | strCountry | strPostalCode | strComputer | strVersion | strLanguage | strMobileDevice | strModel | strOS | strPassword |
| Daniel | Garcia | jdaniel.0711@hotmail.com | July | 11 | 1996 | Cali | Colombia | 760010 | Windows | 10 | Spanish | Xiaomi | Redmi Note 10S | Android 12 | Dani_960711 | [User fill page [User enters 'Daniel' into field for user name, User enters 'Garcia' into field for user last name, User enters 'jdaniel.0711@hotmail.com' into user email field, User select 11 on field for day of birth, User select July on field for month of birth, User select 1996 on field for year of birth, User clicks on Button to go to the address section], User fill page address [User enters 'Cali' into field for user city, User types 'ARROW_DOWN' in field for user city, User types 'ENTER' in field for user city, User enters '760010' into field for postal code, User clicks on container fot user country, User enters 'Colombia' into User country, User clicks on Button to the device page], User fill page devices [User clicks on CONTAINER FOR COMPUTER, User enters 'Windows' into computer, User types 'ARROW_DOWN' in computer, User types 'ENTER' in computer, User clicks on Container for version, User enters '10' into version, User types 'ARROW_DOWN' in version, User types 'ENTER' in version, User clicks on Container for language, User enters 'Spanish' into language, User types 'ARROW_DOWN' in language, User types 'ENTER' in language, User clicks on Container for mobile device, User enters 'Xiaomi' into mobile device, User types 'ARROW_DOWN' in mobile device, User types 'ENTER' in mobile device]]
[Test worker] WARN net.thucydides.core.steps.BaseStepListener - stepStarted: net.thucydides.core.steps.ExecutedStepDescription@630ddf03
[Test worker] WARN net.thucydides.core.steps.BaseStepListener - stepFinished: current outcome:Registering a new user on the Utest page:Given that a new user wants to register on the Utest page [User open utest page [User opens the Utest page, User clicks on Innit Register Button]], When all fields are completed
| strName | strLastName | strEmail | strMonthBirth | strDayBirth | strYearBirth | strCity | strCountry | strPostalCode | strComputer | strVersion | strLanguage | strMobileDevice | strModel | strOS | strPassword |
| Daniel | Garcia | jdaniel.0711@hotmail.com | July | 11 | 1996 | Cali | Colombia | 760010 | Windows | 10 | Spanish | Xiaomi | Redmi Note 10S | Android 12 | Dani_960711 | [User fill page [User enters 'Daniel' into field for user name, User enters 'Garcia' into field for user last name, User enters 'jdaniel.0711@hotmail.com' into user email field, User select 11 on field for day of birth, User select July on field for month of birth, User select 1996 on field for year of birth, User clicks on Button to go to the address section], User fill page address [User enters 'Cali' into field for user city, User types 'ARROW_DOWN' in field for user city, User types 'ENTER' in field for user city, User enters '760010' into field for postal code, User clicks on container fot user country, User enters 'Colombia' into User country, User clicks on Button to the device page], User fill page devices [User clicks on CONTAINER FOR COMPUTER, User enters 'Windows' into computer, User types 'ARROW_DOWN' in computer, User types 'ENTER' in computer, User clicks on Container for version, User enters '10' into version, User types 'ARROW_DOWN' in version, User types 'ENTER' in version, User clicks on Container for language, User enters 'Spanish' into language, User types 'ARROW_DOWN' in language, User types 'ENTER' in language, User clicks on Container for mobile device, User enters 'Xiaomi' into mobile device, User types 'ARROW_DOWN' in mobile device, User types 'ENTER' in mobile device, User clicks on Container for model device]]
[Test worker] WARN net.thucydides.core.steps.BaseStepListener - stepStarted: net.thucydides.core.steps.ExecutedStepDescription@473a8
[Test worker] WARN net.thucydides.core.steps.BaseStepListener - stepFinished: current outcome:Registering a new user on the Utest page:Given that a new user wants to register on the Utest page [User open utest page [User opens the Utest page, User clicks on Innit Register Button]], When all fields are completed
| strName | strLastName | strEmail | strMonthBirth | strDayBirth | strYearBirth | strCity | strCountry | strPostalCode | strComputer | strVersion | strLanguage | strMobileDevice | strModel | strOS | strPassword |
| Daniel | Garcia | jdaniel.0711@hotmail.com | July | 11 | 1996 | Cali | Colombia | 760010 | Windows | 10 | Spanish | Xiaomi | Redmi Note 10S | Android 12 | Dani_960711 | [User fill page [User enters 'Daniel' into field for user name, User enters 'Garcia' into field for user last name, User enters 'jdaniel.0711@hotmail.com' into user email field, User select 11 on field for day of birth, User select July on field for month of birth, User select 1996 on field for year of birth, User clicks on Button to go to the address section], User fill page address [User enters 'Cali' into field for user city, User types 'ARROW_DOWN' in field for user city, User types 'ENTER' in field for user city, User enters '760010' into field for postal code, User clicks on container fot user country, User enters 'Colombia' into User country, User clicks on Button to the device page], User fill page devices [User clicks on CONTAINER FOR COMPUTER, User enters 'Windows' into computer, User types 'ARROW_DOWN' in computer, User types 'ENTER' in computer, User clicks on Container for version, User enters '10' into version, User types 'ARROW_DOWN' in version, User types 'ENTER' in version, User clicks on Container for language, User enters 'Spanish' into language, User types 'ARROW_DOWN' in language, User types 'ENTER' in language, User clicks on Container for mobile device, User enters 'Xiaomi' into mobile device, User types 'ARROW_DOWN' in mobile device, User types 'ENTER' in mobile device, User clicks on Container for model device, User enters 'Redmi Note 10S' into model device]]
[Test worker] WARN net.thucydides.core.steps.BaseStepListener - stepStarted: net.thucydides.core.steps.ExecutedStepDescription@251733c0
[Test worker] WARN net.thucydides.core.steps.BaseStepListener - stepFinished: current outcome:Registering a new user on the Utest page:Given that a new user wants to register on the Utest page [User open utest page [User opens the Utest page, User clicks on Innit Register Button]], When all fields are completed
| strName | strLastName | strEmail | strMonthBirth | strDayBirth | strYearBirth | strCity | strCountry | strPostalCode | strComputer | strVersion | strLanguage | strMobileDevice | strModel | strOS | strPassword |
| Daniel | Garcia | jdaniel.0711@hotmail.com | July | 11 | 1996 | Cali | Colombia | 760010 | Windows | 10 | Spanish | Xiaomi | Redmi Note 10S | Android 12 | Dani_960711 | [User fill page [User enters 'Daniel' into field for user name, User enters 'Garcia' into field for user last name, User enters 'jdaniel.0711@hotmail.com' into user email field, User select 11 on field for day of birth, User select July on field for month of birth, User select 1996 on field for year of birth, User clicks on Button to go to the address section], User fill page address [User enters 'Cali' into field for user city, User types 'ARROW_DOWN' in field for user city, User types 'ENTER' in field for user city, User enters '760010' into field for postal code, User clicks on container fot user country, User enters 'Colombia' into User country, User clicks on Button to the device page], User fill page devices [User clicks on CONTAINER FOR COMPUTER, User enters 'Windows' into computer, User types 'ARROW_DOWN' in computer, User types 'ENTER' in computer, User clicks on Container for version, User enters '10' into version, User types 'ARROW_DOWN' in version, User types 'ENTER' in version, User clicks on Container for language, User enters 'Spanish' into language, User types 'ARROW_DOWN' in language, User types 'ENTER' in language, User clicks on Container for mobile device, User enters 'Xiaomi' into mobile device, User types 'ARROW_DOWN' in mobile device, User types 'ENTER' in mobile device, User clicks on Container for model device, User enters 'Redmi Note 10S' into model device, User types 'ARROW_DOWN' in model device]]
[Test worker] WARN net.thucydides.core.steps.BaseStepListener - stepStarted: net.thucydides.core.steps.ExecutedStepDescription@612b7eba
[Test worker] WARN net.thucydides.core.steps.BaseStepListener - stepFinished: current outcome:Registering a new user on the Utest page:Given that a new user wants to register on the Utest page [User open utest page [User opens the Utest page, User clicks on Innit Register Button]], When all fields are completed
| strName | strLastName | strEmail | strMonthBirth | strDayBirth | strYearBirth | strCity | strCountry | strPostalCode | strComputer | strVersion | strLanguage | strMobileDevice | strModel | strOS | strPassword |
| Daniel | Garcia | jdaniel.0711@hotmail.com | July | 11 | 1996 | Cali | Colombia | 760010 | Windows | 10 | Spanish | Xiaomi | Redmi Note 10S | Android 12 | Dani_960711 | [User fill page [User enters 'Daniel' into field for user name, User enters 'Garcia' into field for user last name, User enters 'jdaniel.0711@hotmail.com' into user email field, User select 11 on field for day of birth, User select July on field for month of birth, User select 1996 on field for year of birth, User clicks on Button to go to the address section], User fill page address [User enters 'Cali' into field for user city, User types 'ARROW_DOWN' in field for user city, User types 'ENTER' in field for user city, User enters '760010' into field for postal code, User clicks on container fot user country, User enters 'Colombia' into User country, User clicks on Button to the device page], User fill page devices [User clicks on CONTAINER FOR COMPUTER, User enters 'Windows' into computer, User types 'ARROW_DOWN' in computer, User types 'ENTER' in computer, User clicks on Container for version, User enters '10' into version, User types 'ARROW_DOWN' in version, User types 'ENTER' in version, User clicks on Container for language, User enters 'Spanish' into language, User types 'ARROW_DOWN' in language, User types 'ENTER' in language, User clicks on Container for mobile device, User enters 'Xiaomi' into mobile device, User types 'ARROW_DOWN' in mobile device, User types 'ENTER' in mobile device, User clicks on Container for model device, User enters 'Redmi Note 10S' into model device, User types 'ARROW_DOWN' in model device, User types 'ENTER' in model device]]
[Test worker] WARN net.thucydides.core.steps.BaseStepListener - stepStarted: net.thucydides.core.steps.ExecutedStepDescription@6f1f1f96
[Test worker] WARN net.thucydides.core.steps.BaseStepListener - stepFinished: current outcome:Registering a new user on the Utest page:Given that a new user wants to register on the Utest page [User open utest page [User opens the Utest page, User clicks on Innit Register Button]], When all fields are completed
| strName | strLastName | strEmail | strMonthBirth | strDayBirth | strYearBirth | strCity | strCountry | strPostalCode | strComputer | strVersion | strLanguage | strMobileDevice | strModel | strOS | strPassword |
| Daniel | Garcia | jdaniel.0711@hotmail.com | July | 11 | 1996 | Cali | Colombia | 760010 | Windows | 10 | Spanish | Xiaomi | Redmi Note 10S | Android 12 | Dani_960711 | [User fill page [User enters 'Daniel' into field for user name, User enters 'Garcia' into field for user last name, User enters 'jdaniel.0711@hotmail.com' into user email field, User select 11 on field for day of birth, User select July on field for month of birth, User select 1996 on field for year of birth, User clicks on Button to go to the address section], User fill page address [User enters 'Cali' into field for user city, User types 'ARROW_DOWN' in field for user city, User types 'ENTER' in field for user city, User enters '760010' into field for postal code, User clicks on container fot user country, User enters 'Colombia' into User country, User clicks on Button to the device page], User fill page devices [User clicks on CONTAINER FOR COMPUTER, User enters 'Windows' into computer, User types 'ARROW_DOWN' in computer, User types 'ENTER' in computer, User clicks on Container for version, User enters '10' into version, User types 'ARROW_DOWN' in version, User types 'ENTER' in version, User clicks on Container for language, User enters 'Spanish' into language, User types 'ARROW_DOWN' in language, User types 'ENTER' in language, User clicks on Container for mobile device, User enters 'Xiaomi' into mobile device, User types 'ARROW_DOWN' in mobile device, User types 'ENTER' in mobile device, User clicks on Container for model device, User enters 'Redmi Note 10S' into model device, User types 'ARROW_DOWN' in model device, User types 'ENTER' in model device, User clicks on Container for so mobile device]]
[Test worker] WARN net.thucydides.core.steps.BaseStepListener - stepStarted: net.thucydides.core.steps.ExecutedStepDescription@2f2e2567
[Test worker] WARN net.thucydides.core.steps.BaseStepListener - stepFinished: current outcome:Registering a new user on the Utest page:Given that a new user wants to register on the Utest page [User open utest page [User opens the Utest page, User clicks on Innit Register Button]], When all fields are completed
| strName | strLastName | strEmail | strMonthBirth | strDayBirth | strYearBirth | strCity | strCountry | strPostalCode | strComputer | strVersion | strLanguage | strMobileDevice | strModel | strOS | strPassword |
| Daniel | Garcia | jdaniel.0711@hotmail.com | July | 11 | 1996 | Cali | Colombia | 760010 | Windows | 10 | Spanish | Xiaomi | Redmi Note 10S | Android 12 | Dani_960711 | [User fill page [User enters 'Daniel' into field for user name, User enters 'Garcia' into field for user last name, User enters 'jdaniel.0711@hotmail.com' into user email field, User select 11 on field for day of birth, User select July on field for month of birth, User select 1996 on field for year of birth, User clicks on Button to go to the address section], User fill page address [User enters 'Cali' into field for user city, User types 'ARROW_DOWN' in field for user city, User types 'ENTER' in field for user city, User enters '760010' into field for postal code, User clicks on container fot user country, User enters 'Colombia' into User country, User clicks on Button to the device page], User fill page devices [User clicks on CONTAINER FOR COMPUTER, User enters 'Windows' into computer, User types 'ARROW_DOWN' in computer, User types 'ENTER' in computer, User clicks on Container for version, User enters '10' into version, User types 'ARROW_DOWN' in version, User types 'ENTER' in version, User clicks on Container for language, User enters 'Spanish' into language, User types 'ARROW_DOWN' in language, User types 'ENTER' in language, User clicks on Container for mobile device, User enters 'Xiaomi' into mobile device, User types 'ARROW_DOWN' in mobile device, User types 'ENTER' in mobile device, User clicks on Container for model device, User enters 'Redmi Note 10S' into model device, User types 'ARROW_DOWN' in model device, User types 'ENTER' in model device, User clicks on Container for so mobile device, User enters 'Android 12' into so mobile device]]
[Test worker] WARN net.thucydides.core.steps.BaseStepListener - stepStarted: net.thucydides.core.steps.ExecutedStepDescription@1867478
[Test worker] WARN net.thucydides.core.steps.BaseStepListener - stepFinished: current outcome:Registering a new user on the Utest page:Given that a new user wants to register on the Utest page [User open utest page [User opens the Utest page, User clicks on Innit Register Button]], When all fields are completed
| strName | strLastName | strEmail | strMonthBirth | strDayBirth | strYearBirth | strCity | strCountry | strPostalCode | strComputer | strVersion | strLanguage | strMobileDevice | strModel | strOS | strPassword |
| Daniel | Garcia | jdaniel.0711@hotmail.com | July | 11 | 1996 | Cali | Colombia | 760010 | Windows | 10 | Spanish | Xiaomi | Redmi Note 10S | Android 12 | Dani_960711 | [User fill page [User enters 'Daniel' into field for user name, User enters 'Garcia' into field for user last name, User enters 'jdaniel.0711@hotmail.com' into user email field, User select 11 on field for day of birth, User select July on field for month of birth, User select 1996 on field for year of birth, User clicks on Button to go to the address section], User fill page address [User enters 'Cali' into field for user city, User types 'ARROW_DOWN' in field for user city, User types 'ENTER' in field for user city, User enters '760010' into field for postal code, User clicks on container fot user country, User enters 'Colombia' into User country, User clicks on Button to the device page], User fill page devices [User clicks on CONTAINER FOR COMPUTER, User enters 'Windows' into computer, User types 'ARROW_DOWN' in computer, User types 'ENTER' in computer, User clicks on Container for version, User enters '10' into version, User types 'ARROW_DOWN' in version, User types 'ENTER' in version, User clicks on Container for language, User enters 'Spanish' into language, User types 'ARROW_DOWN' in language, User types 'ENTER' in language, User clicks on Container for mobile device, User enters 'Xiaomi' into mobile device, User types 'ARROW_DOWN' in mobile device, User types 'ENTER' in mobile device, User clicks on Container for model device, User enters 'Redmi Note 10S' into model device, User types 'ARROW_DOWN' in model device, User types 'ENTER' in model device, User clicks on Container for so mobile device, User enters 'Android 12' into so mobile device, User types 'ARROW_DOWN' in so mobile device]]
[Test worker] WARN net.thucydides.core.steps.BaseStepListener - stepStarted: net.thucydides.core.steps.ExecutedStepDescription@189fb8d9
[Test worker] WARN net.thucydides.core.steps.BaseStepListener - stepFinished: current outcome:Registering a new user on the Utest page:Given that a new user wants to register on the Utest page [User open utest page [User opens the Utest page, User clicks on Innit Register Button]], When all fields are completed
| strName | strLastName | strEmail | strMonthBirth | strDayBirth | strYearBirth | strCity | strCountry | strPostalCode | strComputer | strVersion | strLanguage | strMobileDevice | strModel | strOS | strPassword |
| Daniel | Garcia | jdaniel.0711@hotmail.com | July | 11 | 1996 | Cali | Colombia | 760010 | Windows | 10 | Spanish | Xiaomi | Redmi Note 10S | Android 12 | Dani_960711 | [User fill page [User enters 'Daniel' into field for user name, User enters 'Garcia' into field for user last name, User enters 'jdaniel.0711@hotmail.com' into user email field, User select 11 on field for day of birth, User select July on field for month of birth, User select 1996 on field for year of birth, User clicks on Button to go to the address section], User fill page address [User enters 'Cali' into field for user city, User types 'ARROW_DOWN' in field for user city, User types 'ENTER' in field for user city, User enters '760010' into field for postal code, User clicks on container fot user country, User enters 'Colombia' into User country, User clicks on Button to the device page], User fill page devices [User clicks on CONTAINER FOR COMPUTER, User enters 'Windows' into computer, User types 'ARROW_DOWN' in computer, User types 'ENTER' in computer, User clicks on Container for version, User enters '10' into version, User types 'ARROW_DOWN' in version, User types 'ENTER' in version, User clicks on Container for language, User enters 'Spanish' into language, User types 'ARROW_DOWN' in language, User types 'ENTER' in language, User clicks on Container for mobile device, User enters 'Xiaomi' into mobile device, User types 'ARROW_DOWN' in mobile device, User types 'ENTER' in mobile device, User clicks on Container for model device, User enters 'Redmi Note 10S' into model device, User types 'ARROW_DOWN' in model device, User types 'ENTER' in model device, User clicks on Container for so mobile device, User enters 'Android 12' into so mobile device, User types 'ARROW_DOWN' in so mobile device, User types 'ENTER' in so mobile device]]
[Test worker] WARN net.thucydides.core.steps.BaseStepListener - stepStarted: net.thucydides.core.steps.ExecutedStepDescription@5cc7229e
[Test worker] WARN net.thucydides.core.steps.BaseStepListener - stepFinished: current outcome:Registering a new user on the Utest page:Given that a new user wants to register on the Utest page [User open utest page [User opens the Utest page, User clicks on Innit Register Button]], When all fields are completed
| strName | strLastName | strEmail | strMonthBirth | strDayBirth | strYearBirth | strCity | strCountry | strPostalCode | strComputer | strVersion | strLanguage | strMobileDevice | strModel | strOS | strPassword |
| Daniel | Garcia | jdaniel.0711@hotmail.com | July | 11 | 1996 | Cali | Colombia | 760010 | Windows | 10 | Spanish | Xiaomi | Redmi Note 10S | Android 12 | Dani_960711 | [User fill page [User enters 'Daniel' into field for user name, User enters 'Garcia' into field for user last name, User enters 'jdaniel.0711@hotmail.com' into user email field, User select 11 on field for day of birth, User select July on field for month of birth, User select 1996 on field for year of birth, User clicks on Button to go to the address section], User fill page address [User enters 'Cali' into field for user city, User types 'ARROW_DOWN' in field for user city, User types 'ENTER' in field for user city, User enters '760010' into field for postal code, User clicks on container fot user country, User enters 'Colombia' into User country, User clicks on Button to the device page], User fill page devices [User clicks on CONTAINER FOR COMPUTER, User enters 'Windows' into computer, User types 'ARROW_DOWN' in computer, User types 'ENTER' in computer, User clicks on Container for version, User enters '10' into version, User types 'ARROW_DOWN' in version, User types 'ENTER' in version, User clicks on Container for language, User enters 'Spanish' into language, User types 'ARROW_DOWN' in language, User types 'ENTER' in language, User clicks on Container for mobile device, User enters 'Xiaomi' into mobile device, User types 'ARROW_DOWN' in mobile device, User types 'ENTER' in mobile device, User clicks on Container for model device, User enters 'Redmi Note 10S' into model device, User types 'ARROW_DOWN' in model device, User types 'ENTER' in model device, User clicks on Container for so mobile device, User enters 'Android 12' into so mobile device, User types 'ARROW_DOWN' in so mobile device, User types 'ENTER' in so mobile device, User clicks on Button to final section]]
[Test worker] WARN net.thucydides.core.steps.BaseStepListener - stepFinished: current outcome:Registering a new user on the Utest page:Given that a new user wants to register on the Utest page [User open utest page [User opens the Utest page, User clicks on Innit Register Button]], When all fields are completed
| strName | strLastName | strEmail | strMonthBirth | strDayBirth | strYearBirth | strCity | strCountry | strPostalCode | strComputer | strVersion | strLanguage | strMobileDevice | strModel | strOS | strPassword |
| Daniel | Garcia | jdaniel.0711@hotmail.com | July | 11 | 1996 | Cali | Colombia | 760010 | Windows | 10 | Spanish | Xiaomi | Redmi Note 10S | Android 12 | Dani_960711 | [User fill page [User enters 'Daniel' into field for user name, User enters 'Garcia' into field for user last name, User enters 'jdaniel.0711@hotmail.com' into user email field, User select 11 on field for day of birth, User select July on field for month of birth, User select 1996 on field for year of birth, User clicks on Button to go to the address section], User fill page address [User enters 'Cali' into field for user city, User types 'ARROW_DOWN' in field for user city, User types 'ENTER' in field for user city, User enters '760010' into field for postal code, User clicks on container fot user country, User enters 'Colombia' into User country, User clicks on Button to the device page], User fill page devices [User clicks on CONTAINER FOR COMPUTER, User enters 'Windows' into computer, User types 'ARROW_DOWN' in computer, User types 'ENTER' in computer, User clicks on Container for version, User enters '10' into version, User types 'ARROW_DOWN' in version, User types 'ENTER' in version, User clicks on Container for language, User enters 'Spanish' into language, User types 'ARROW_DOWN' in language, User types 'ENTER' in language, User clicks on Container for mobile device, User enters 'Xiaomi' into mobile device, User types 'ARROW_DOWN' in mobile device, User types 'ENTER' in mobile device, User clicks on Container for model device, User enters 'Redmi Note 10S' into model device, User types 'ARROW_DOWN' in model device, User types 'ENTER' in model device, User clicks on Container for so mobile device, User enters 'Android 12' into so mobile device, User types 'ARROW_DOWN' in so mobile device, User types 'ENTER' in so mobile device, User clicks on Button to final section]]
[Test worker] WARN net.thucydides.core.steps.BaseStepListener - stepStarted: net.thucydides.core.steps.ExecutedStepDescription@291b18b0
[Test worker] WARN net.thucydides.core.steps.BaseStepListener - stepStarted: net.thucydides.core.steps.ExecutedStepDescription@652991f9
[Test worker] WARN net.thucydides.core.steps.BaseStepListener - stepFinished: current outcome:Registering a new user on the Utest page:Given that a new user wants to register on the Utest page [User open utest page [User opens the Utest page, User clicks on Innit Register Button]], When all fields are completed
| strName | strLastName | strEmail | strMonthBirth | strDayBirth | strYearBirth | strCity | strCountry | strPostalCode | strComputer | strVersion | strLanguage | strMobileDevice | strModel | strOS | strPassword |
| Daniel | Garcia | jdaniel.0711@hotmail.com | July | 11 | 1996 | Cali | Colombia | 760010 | Windows | 10 | Spanish | Xiaomi | Redmi Note 10S | Android 12 | Dani_960711 | [User fill page [User enters 'Daniel' into field for user name, User enters 'Garcia' into field for user last name, User enters 'jdaniel.0711@hotmail.com' into user email field, User select 11 on field for day of birth, User select July on field for month of birth, User select 1996 on field for year of birth, User clicks on Button to go to the address section], User fill page address [User enters 'Cali' into field for user city, User types 'ARROW_DOWN' in field for user city, User types 'ENTER' in field for user city, User enters '760010' into field for postal code, User clicks on container fot user country, User enters 'Colombia' into User country, User clicks on Button to the device page], User fill page devices [User clicks on CONTAINER FOR COMPUTER, User enters 'Windows' into computer, User types 'ARROW_DOWN' in computer, User types 'ENTER' in computer, User clicks on Container for version, User enters '10' into version, User types 'ARROW_DOWN' in version, User types 'ENTER' in version, User clicks on Container for language, User enters 'Spanish' into language, User types 'ARROW_DOWN' in language, User types 'ENTER' in language, User clicks on Container for mobile device, User enters 'Xiaomi' into mobile device, User types 'ARROW_DOWN' in mobile device, User types 'ENTER' in mobile device, User clicks on Container for model device, User enters 'Redmi Note 10S' into model device, User types 'ARROW_DOWN' in model device, User types 'ENTER' in model device, User clicks on Container for so mobile device, User enters 'Android 12' into so mobile device, User types 'ARROW_DOWN' in so mobile device, User types 'ENTER' in so mobile device, User clicks on Button to final section], User fill final page [User enters 'Dani_960711' into Password field]]
[Test worker] WARN net.thucydides.core.steps.BaseStepListener - stepStarted: net.thucydides.core.steps.ExecutedStepDescription@7106e82a
[...]
| strName | strLastName | strEmail | strMonthBirth | strDayBirth | strYearBirth | strCity | strCountry | strPostalCode | strComputer | strVersion | strLanguage | strMobileDevice | strModel | strOS | strPassword |
| Daniel | Garcia | jdaniel.0711@hotmail.com | July | 11 | 1996 | Cali | Colombia | 760010 | Windows | 10 | Spanish | Xiaomi | Redmi Note 10S | Android 12 | Dani_960711 | [User fill page [User enters 'Daniel' into field for user name, User enters 'Garcia' into field for user last name, User enters 'jdaniel.0711@hotmail.com' into user email field, User select 11 on field for day of birth, User select July on field for month of birth, User select 1996 on field for year of birth, User clicks on Button to go to the address section], User fill page address [User enters 'Cali' into field for user city, User types 'ARROW_DOWN' in field for user city, User types 'ENTER' in field for user city, User enters '760010' into field for postal code, User clicks on container fot user country, User enters 'Colombia' into User country, User clicks on Button to the device page], User fill page devices [User clicks on CONTAINER FOR COMPUTER, User enters 'Windows' into computer, User types 'ARROW_DOWN' in computer, User types 'ENTER' in computer, User clicks on Container for version, User enters '10' into version, User types 'ARROW_DOWN' in version, User types 'ENTER' in version, User clicks on Container for language, User enters 'Spanish' into language, User types 'ARROW_DOWN' in language, User types 'ENTER' in language, User clicks on Container for mobile device, User enters 'Xiaomi' into mobile device, User types 'ARROW_DOWN' in mobile device, User types 'ENTER' in mobile device, User clicks on Container for model device, User enters 'Redmi Note 10S' into model device, User types 'ARROW_DOWN' in model device, User types 'ENTER' in model device, User clicks on Container for so mobile device, User enters 'Android 12' into so mobile device, User types 'ARROW_DOWN' in so mobile device, User types 'ENTER' in so mobile device, User clicks on Button to final section], User fill final page [User enters 'Dani_960711' into Password field, User enters 'Dani_960711' into Password confirm, User clicks on Checkbox to stay informed, User clicks on Checkbox to terms of use, User clicks on Checkbox to terms of privacy, User clicks on Button to complete]]
[Test worker] WARN net.thucydides.core.steps.BaseStepListener - stepFinished: current outcome:Registering a new user on the Utest page:Given that a new user wants to register on the Utest page [User open utest page [User opens the Utest page, User clicks on Innit Register Button]], When all fields are completed
| strName | strLastName | strEmail | strMonthBirth | strDayBirth | strYearBirth | strCity | strCountry | strPostalCode | strComputer | strVersion | strLanguage | strMobileDevice | strModel | strOS | strPassword |
| Daniel | Garcia | jdaniel.0711@hotmail.com | July | 11 | 1996 | Cali | Colombia | 760010 | Windows | 10 | Spanish | Xiaomi | Redmi Note 10S | Android 12 | Dani_960711 | [User fill page [User enters 'Daniel' into field for user name, User enters 'Garcia' into field for user last name, User enters 'jdaniel.0711@hotmail.com' into user email field, User select 11 on field for day of birth, User select July on field for month of birth, User select 1996 on field for year of birth, User clicks on Button to go to the address section], User fill page address [User enters 'Cali' into field for user city, User types 'ARROW_DOWN' in field for user city, User types 'ENTER' in field for user city, User enters '760010' into field for postal code, User clicks on container fot user country, User enters 'Colombia' into User country, User clicks on Button to the device page], User fill page devices [User clicks on CONTAINER FOR COMPUTER, User enters 'Windows' into computer, User types 'ARROW_DOWN' in computer, User types 'ENTER' in computer, User clicks on Container for version, User enters '10' into version, User types 'ARROW_DOWN' in version, User types 'ENTER' in version, User clicks on Container for language, User enters 'Spanish' into language, User types 'ARROW_DOWN' in language, User types 'ENTER' in language, User clicks on Container for mobile device, User enters 'Xiaomi' into mobile device, User types 'ARROW_DOWN' in mobile device, User types 'ENTER' in mobile device, User clicks on Container for model device, User enters 'Redmi Note 10S' into model device, User types 'ARROW_DOWN' in model device, User types 'ENTER' in model device, User clicks on Container for so mobile device, User enters 'Android 12' into so mobile device, User types 'ARROW_DOWN' in so mobile device, User types 'ENTER' in so mobile device, User clicks on Button to final section], User fill final page [User enters 'Dani_960711' into Password field, User enters 'Dani_960711' into Password confirm, User clicks on Checkbox to stay informed, User clicks on Checkbox to terms of use, User clicks on Checkbox to terms of privacy, User clicks on Button to complete]]
[Test worker] WARN net.thucydides.core.steps.BaseStepListener - stepStarted: net.thucydides.core.steps.ExecutedStepDescription@1a59e2b5
[Test worker] WARN net.thucydides.core.steps.BaseStepListener - stepStarted: net.thucydides.core.steps.ExecutedStepDescription@64d2f6db
[Test worker] WARN net.thucydides.core.steps.BaseStepListener - stepFinished: current outcome:Registering a new user on the Utest page:Given that a new user wants to register on the Utest page [User open utest page [User opens the Utest page, User clicks on Innit Register Button]], When all fields are completed
| strName | strLastName | strEmail | strMonthBirth | strDayBirth | strYearBirth | strCity | strCountry | strPostalCode | strComputer | strVersion | strLanguage | strMobileDevice | strModel | strOS | strPassword |
| Daniel | Garcia | jdaniel.0711@hotmail.com | July | 11 | 1996 | Cali | Colombia | 760010 | Windows | 10 | Spanish | Xiaomi | Redmi Note 10S | Android 12 | Dani_960711 | [User fill page [User enters 'Daniel' into field for user name, User enters 'Garcia' into field for user last name, User enters 'jdaniel.0711@hotmail.com' into user email field, User select 11 on field for day of birth, User select July on field for month of birth, User select 1996 on field for year of birth, User clicks on Button to go to the address section], User fill page address [User enters 'Cali' into field for user city, User types 'ARROW_DOWN' in field for user city, User types 'ENTER' in field for user city, User enters '760010' into field for postal code, User clicks on container fot user country, User enters 'Colombia' into User country, User clicks on Button to the device page], User fill page devices [User clicks on CONTAINER FOR COMPUTER, User enters 'Windows' into computer, User types 'ARROW_DOWN' in computer, User types 'ENTER' in computer, User clicks on Container for version, User enters '10' into version, User types 'ARROW_DOWN' in version, User types 'ENTER' in version, User clicks on Container for language, User enters 'Spanish' into language, User types 'ARROW_DOWN' in language, User types 'ENTER' in language, User clicks on Container for mobile device, User enters 'Xiaomi' into mobile device, User types 'ARROW_DOWN' in mobile device, User types 'ENTER' in mobile device, User clicks on Container for model device, User enters 'Redmi Note 10S' into model device, User types 'ARROW_DOWN' in model device, User types 'ENTER' in model device, User clicks on Container for so mobile device, User enters 'Android 12' into so mobile device, User types 'ARROW_DOWN' in so mobile device, User types 'ENTER' in so mobile device, User clicks on Button to final section], User fill final page [User enters 'Dani_960711' into Password field, User enters 'Dani_960711' into Password confirm, User clicks on Checkbox to stay informed, User clicks on Checkbox to terms of use, User clicks on Checkbox to terms of privacy, User clicks on Button to complete]], Then the registration is successfully completed
| strFinalText |
| Complete Setup | [Then respose]
[Test worker] WARN net.thucydides.core.steps.BaseStepListener - stepFinished: current outcome:Registering a new user on the Utest page:Given that a new user wants to register on the Utest page [User open utest page [User opens the Utest page, User clicks on Innit Register Button]], When all fields are completed
| strName | strLastName | strEmail | strMonthBirth | strDayBirth | strYearBirth | strCity | strCountry | strPostalCode | strComputer | strVersion | strLanguage | strMobileDevice | strModel | strOS | strPassword |
| Daniel | Garcia | jdaniel.0711@hotmail.com | July | 11 | 1996 | Cali | Colombia | 760010 | Windows | 10 | Spanish | Xiaomi | Redmi Note 10S | Android 12 | Dani_960711 | [User fill page [User enters 'Daniel' into field for user name, User enters 'Garcia' into field for user last name, User enters 'jdaniel.0711@hotmail.com' into user email field, User select 11 on field for day of birth, User select July on field for month of birth, User select 1996 on field for year of birth, User clicks on Button to go to the address section], User fill page address [User enters 'Cali' into field for user city, User types 'ARROW_DOWN' in field for user city, User types 'ENTER' in field for user city, User enters '760010' into field for postal code, User clicks on container fot user country, User enters 'Colombia' into User country, User clicks on Button to the device page], User fill page devices [User clicks on CONTAINER FOR COMPUTER, User enters 'Windows' into computer, User types 'ARROW_DOWN' in computer, User types 'ENTER' in computer, User clicks on Container for version, User enters '10' into version, User types 'ARROW_DOWN' in version, User types 'ENTER' in version, User clicks on Container for language, User enters 'Spanish' into language, User types 'ARROW_DOWN' in language, User types 'ENTER' in language, User clicks on Container for mobile device, User enters 'Xiaomi' into mobile device, User types 'ARROW_DOWN' in mobile device, User types 'ENTER' in mobile device, User clicks on Container for model device, User enters 'Redmi Note 10S' into model device, User types 'ARROW_DOWN' in model device, User types 'ENTER' in model device, User clicks on Container for so mobile device, User enters 'Android 12' into so mobile device, User types 'ARROW_DOWN' in so mobile device, User types 'ENTER' in so mobile device, User clicks on Button to final section], User fill final page [User enters 'Dani_960711' into Password field, User enters 'Dani_960711' into Password confirm, User clicks on Checkbox to stay informed, User clicks on Checkbox to terms of use, User clicks on Checkbox to terms of privacy, User clicks on Button to complete]], Then the registration is successfully completed
| strFinalText |
| Complete Setup | [Then respose]
[Test worker] WARN net.thucydides.core.steps.BaseStepListener - testFinished: Registering a new user on the Utest page:Given that a new user wants to register on the Utest page [User open utest page [User opens the Utest page, User clicks on Innit Register Button]], When all fields are completed
| strName | strLastName | strEmail | strMonthBirth | strDayBirth | strYearBirth | strCity | strCountry | strPostalCode | strComputer | strVersion | strLanguage | strMobileDevice | strModel | strOS | strPassword |
| Daniel | Garcia | jdaniel.0711@hotmail.com | July | 11 | 1996 | Cali | Colombia | 760010 | Windows | 10 | Spanish | Xiaomi | Redmi Note 10S | Android 12 | Dani_960711 | [User fill page [User enters 'Daniel' into field for user name, User enters 'Garcia' into field for user last name, User enters 'jdaniel.0711@hotmail.com' into user email field, User select 11 on field for day of birth, User select July on field for month of birth, User select 1996 on field for year of birth, User clicks on Button to go to the address section], User fill page address [User enters 'Cali' into field for user city, User types 'ARROW_DOWN' in field for user city, User types 'ENTER' in field for user city, User enters '760010' into field for postal code, User clicks on container fot user country, User enters 'Colombia' into User country, User clicks on Button to the device page], User fill page devices [User clicks on CONTAINER FOR COMPUTER, User enters 'Windows' into computer, User types 'ARROW_DOWN' in computer, User types 'ENTER' in computer, User clicks on Container for version, User enters '10' into version, User types 'ARROW_DOWN' in version, User types 'ENTER' in version, User clicks on Container for language, User enters 'Spanish' into language, User types 'ARROW_DOWN' in language, User types 'ENTER' in language, User clicks on Container for mobile device, User enters 'Xiaomi' into mobile device, User types 'ARROW_DOWN' in mobile device, User types 'ENTER' in mobile device, User clicks on Container for model device, User enters 'Redmi Note 10S' into model device, User types 'ARROW_DOWN' in model device, User types 'ENTER' in model device, User clicks on Container for so mobile device, User enters 'Android 12' into so mobile device, User types 'ARROW_DOWN' in so mobile device, User types 'ENTER' in so mobile device, User clicks on Button to final section], User fill final page [User enters 'Dani_960711' into Password field, User enters 'Dani_960711' into Password confirm, User clicks on Checkbox to stay informed, User clicks on Checkbox to terms of use, User clicks on Checkbox to terms of privacy, User clicks on Button to complete]], Then the registration is successfully completed
| strFinalText |
| Complete Setup | [Then respose]
[Test worker] WARN net.thucydides.core.steps.BaseStepListener - TestOutcomes: [Registering a new user on the Utest page:Given that a new user wants to register on the Utest page [User open utest page [User opens the Utest page, User clicks on Innit Register Button]], When all fields are completed
| strName | strLastName | strEmail | strMonthBirth | strDayBirth | strYearBirth | strCity | strCountry | strPostalCode | strComputer | strVersion | strLanguage | strMobileDevice | strModel | strOS | strPassword |
| Daniel | Garcia | jdaniel.0711@hotmail.com | July | 11 | 1996 | Cali | Colombia | 760010 | Windows | 10 | Spanish | Xiaomi | Redmi Note 10S | Android 12 | Dani_960711 | [User fill page [User enters 'Daniel' into field for user name, User enters 'Garcia' into field for user last name, User enters 'jdaniel.0711@hotmail.com' into user email field, User select 11 on field for day of birth, User select July on field for month of birth, User select 1996 on field for year of birth, User clicks on Button to go to the address section], User fill page address [User enters 'Cali' into field for user city, User types 'ARROW_DOWN' in field for user city, User types 'ENTER' in field for user city, User enters '760010' into field for postal code, User clicks on container fot user country, User enters 'Colombia' into User country, User clicks on Button to the device page], User fill page devices [User clicks on CONTAINER FOR COMPUTER, User enters 'Windows' into computer, User types 'ARROW_DOWN' in computer, User types 'ENTER' in computer, User clicks on Container for version, User enters '10' into version, User types 'ARROW_DOWN' in version, User types 'ENTER' in version, User clicks on Container for language, User enters 'Spanish' into language, User types 'ARROW_DOWN' in language, User types 'ENTER' in language, User clicks on Container for mobile device, User enters 'Xiaomi' into mobile device, User types 'ARROW_DOWN' in mobile device, User types 'ENTER' in mobile device, User clicks on Container for model device, User enters 'Redmi Note 10S' into model device, User types 'ARROW_DOWN' in model device, User types 'ENTER' in model device, User clicks on Container for so mobile device, User enters 'Android 12' into so mobile device, User types 'ARROW_DOWN' in so mobile device, User types 'ENTER' in so mobile device, User clicks on Button to final section], User fill final page [User enters 'Dani_960711' into Password field, User enters 'Dani_960711' into Password confirm, User clicks on Checkbox to stay informed, User clicks on Checkbox to terms of use, User clicks on Checkbox to terms of privacy, User clicks on Button to complete]], Then the registration is successfully completed
| strFinalText |
| Complete Setup | [Then respose]]
[Test worker] WARN net.thucydides.core.steps.BaseStepListener - Final testOutcomes: [Registering a new user on the Utest page:Given that a new user wants to register on the Utest page [User open utest page [User opens the Utest page, User clicks on Innit Register Button]], When all fields are completed
| strName | strLastName | strEmail | strMonthBirth | strDayBirth | strYearBirth | strCity | strCountry | strPostalCode | strComputer | strVersion | strLanguage | strMobileDevice | strModel | strOS | strPassword |
| Daniel | Garcia | jdaniel.0711@hotmail.com | July | 11 | 1996 | Cali | Colombia | 760010 | Windows | 10 | Spanish | Xiaomi | Redmi Note 10S | Android 12 | Dani_960711 | [User fill page [User enters 'Daniel' into field for user name, User enters 'Garcia' into field for user last name, User enters 'jdaniel.0711@hotmail.com' into user email field, User select 11 on field for day of birth, User select July on field for month of birth, User select 1996 on field for year of birth, User clicks on Button to go to the address section], User fill page address [User enters 'Cali' into field for user city, User types 'ARROW_DOWN' in field for user city, User types 'ENTER' in field for user city, User enters '760010' into field for postal code, User clicks on container fot user country, User enters 'Colombia' into User country, User clicks on Button to the device page], User fill page devices [User clicks on CONTAINER FOR COMPUTER, User enters 'Windows' into computer, User types 'ARROW_DOWN' in computer, User types 'ENTER' in computer, User clicks on Container for version, User enters '10' into version, User types 'ARROW_DOWN' in version, User types 'ENTER' in version, User clicks on Container for language, User enters 'Spanish' into language, User types 'ARROW_DOWN' in language, User types 'ENTER' in language, User clicks on Container for mobile device, User enters 'Xiaomi' into mobile device, User types 'ARROW_DOWN' in mobile device, User types 'ENTER' in mobile device, User clicks on Container for model device, User enters 'Redmi Note 10S' into model device, User types 'ARROW_DOWN' in model device, User types 'ENTER' in model device, User clicks on Container for so mobile device, User enters 'Android 12' into so mobile device, User types 'ARROW_DOWN' in so mobile device, User types 'ENTER' in so mobile device, User clicks on Button to final section], User fill final page [User enters 'Dani_960711' into Password field, User enters 'Dani_960711' into Password confirm, User clicks on Checkbox to stay informed, User clicks on Checkbox to terms of use, User clicks on Checkbox to terms of privacy, User clicks on Button to complete]], Then the registration is successfully completed
| strFinalText |
| Complete Setup | [Then respose]]
[Test worker] INFO net.thucydides.core.steps.ConsoleLoggingListener - 
        __    _____ _____ ____ _____   ____   _    ____  ____  _____ ____  
  _     \ \  |_   _| ____/ ___|_   _| |  _ \ / \  / ___|/ ___|| ____|  _ \ 
 (_)_____| |   | | |  _| \___ \ | |   | |_) / _ \ \___ \\___ \|  _| | | | |
  _|_____| |   | | | |___ ___) || |   |  __/ ___ \ ___) |___) | |___| |_| |
 (_)     | |   |_| |_____|____/ |_|   |_| /_/   \_\____/|____/|_____|____/ 
        /_/                                                                

TEST PASSED: Registering a new user on the Utest page
----------------------------------------------------------------------------
]]></system-err>
</testsuite>
